# JRE version: Java(TM) SE Runtime Environment (8.0_202-b08) (build 1.8.0_202-b08)
# Java VM: Java HotSpot(TM) 64-Bit Server VM (25.202-b08 mixed mode linux-amd64 compressed oops)
Heap:
 PSYoungGen      total 457728K, used 255231K [0x000000076e000000, 0x000000078d780000, 0x00000007c0000000)
  eden space 418304K, 61% used [0x000000076e000000,0x000000077d93fee0,0x0000000787880000)
  from space 39424K, 0% used [0x000000078b100000,0x000000078b100000,0x000000078d780000)
  to   space 48640K, 0% used [0x0000000787880000,0x0000000787880000,0x000000078a800000)
 ParOldGen       total 252928K, used 39840K [0x00000006ca000000, 0x00000006d9700000, 0x000000076e000000)
  object space 252928K, 15% used [0x00000006ca000000,0x00000006cc6e8210,0x00000006d9700000)
 Metaspace       used 35224K, capacity 36024K, committed 36264K, reserved 1081344K
  class space    used 4000K, capacity 4218K, committed 4264K, reserved 1048576K
GC Heap History (10 events):
Event: 4,089 GC heap before
{Heap before GC invocations=6 (full 1):
 PSYoungGen      total 264192K, used 253952K [0x000000076e000000, 0x000000077ec00000, 0x00000007c0000000)
  eden space 253952K, 100% used [0x000000076e000000,0x000000077d800000,0x000000077d800000)
  from space 10240K, 0% used [0x000000077e200000,0x000000077e200000,0x000000077ec00000)
  to   space 10240K, 0% used [0x000000077d800000,0x000000077d800000,0x000000077e200000)
 ParOldGen       total 172544K, used 32343K [0x00000006ca000000, 0x00000006d4880000, 0x000000076e000000)
  object space 172544K, 18% used [0x00000006ca000000,0x00000006cbf95f58,0x00000006d4880000)
 Metaspace       used 29523K, capacity 30116K, committed 30384K, reserved 1075200K
  class space    used 3605K, capacity 3735K, committed 3760K, reserved 1048576K
Event: 4,122 GC heap after
Heap after GC invocations=6 (full 1):
 PSYoungGen      total 264192K, used 10229K [0x000000076e000000, 0x0000000789500000, 0x00000007c0000000)
  eden space 253952K, 0% used [0x000000076e000000,0x000000076e000000,0x000000077d800000)
  from space 10240K, 99% used [0x000000077d800000,0x000000077e1fd790,0x000000077e200000)
  to   space 50688K, 0% used [0x0000000786380000,0x0000000786380000,0x0000000789500000)
 ParOldGen       total 172544K, used 58720K [0x00000006ca000000, 0x00000006d4880000, 0x000000076e000000)
  object space 172544K, 34% used [0x00000006ca000000,0x00000006cd958238,0x00000006d4880000)
 Metaspace       used 29523K, capacity 30116K, committed 30384K, reserved 1075200K
  class space    used 3605K, capacity 3735K, committed 3760K, reserved 1048576K
}
Event: 4,927 GC heap before
{Heap before GC invocations=7 (full 1):
 PSYoungGen      total 264192K, used 264181K [0x000000076e000000, 0x0000000789500000, 0x00000007c0000000)
  eden space 253952K, 100% used [0x000000076e000000,0x000000077d800000,0x000000077d800000)
  from space 10240K, 99% used [0x000000077d800000,0x000000077e1fd790,0x000000077e200000)
  to   space 50688K, 0% used [0x0000000786380000,0x0000000786380000,0x0000000789500000)
 ParOldGen       total 172544K, used 58720K [0x00000006ca000000, 0x00000006d4880000, 0x000000076e000000)
  object space 172544K, 34% used [0x00000006ca000000,0x00000006cd958238,0x00000006d4880000)
 Metaspace       used 29679K, capacity 30244K, committed 30384K, reserved 1075200K
  class space    used 3605K, capacity 3735K, committed 3760K, reserved 1048576K
Event: 4,932 GC heap after
Heap after GC invocations=7 (full 1):
 PSYoungGen      total 374272K, used 10397K [0x000000076e000000, 0x0000000788b00000, 0x00000007c0000000)
  eden space 333824K, 0% used [0x000000076e000000,0x000000076e000000,0x0000000782600000)
  from space 40448K, 25% used [0x0000000786380000,0x0000000786da7700,0x0000000788b00000)
  to   space 51712K, 0% used [0x0000000782600000,0x0000000782600000,0x0000000785880000)
 ParOldGen       total 172544K, used 58736K [0x00000006ca000000, 0x00000006d4880000, 0x000000076e000000)
  object space 172544K, 34% used [0x00000006ca000000,0x00000006cd95c238,0x00000006d4880000)
 Metaspace       used 29679K, capacity 30244K, committed 30384K, reserved 1075200K
  class space    used 3605K, capacity 3735K, committed 3760K, reserved 1048576K
}
Event: 5,840 GC heap before
{Heap before GC invocations=8 (full 1):
 PSYoungGen      total 374272K, used 344221K [0x000000076e000000, 0x0000000788b00000, 0x00000007c0000000)
  eden space 333824K, 100% used [0x000000076e000000,0x0000000782600000,0x0000000782600000)
  from space 40448K, 25% used [0x0000000786380000,0x0000000786da7700,0x0000000788b00000)
  to   space 51712K, 0% used [0x0000000782600000,0x0000000782600000,0x0000000785880000)
 ParOldGen       total 172544K, used 58736K [0x00000006ca000000, 0x00000006d4880000, 0x000000076e000000)
  object space 172544K, 34% used [0x00000006ca000000,0x00000006cd95c238,0x00000006d4880000)
 Metaspace       used 29738K, capacity 30316K, committed 30384K, reserved 1075200K
  class space    used 3606K, capacity 3737K, committed 3760K, reserved 1048576K
Event: 5,846 GC heap after
Heap after GC invocations=8 (full 1):
 PSYoungGen      total 385536K, used 10603K [0x000000076e000000, 0x000000078e300000, 0x00000007c0000000)
  eden space 333824K, 0% used [0x000000076e000000,0x000000076e000000,0x0000000782600000)
  from space 51712K, 20% used [0x0000000782600000,0x000000078305aed8,0x0000000785880000)
  to   space 51200K, 0% used [0x000000078b100000,0x000000078b100000,0x000000078e300000)
 ParOldGen       total 172544K, used 58744K [0x00000006ca000000, 0x00000006d4880000, 0x000000076e000000)
  object space 172544K, 34% used [0x00000006ca000000,0x00000006cd95e238,0x00000006d4880000)
 Metaspace       used 29738K, capacity 30316K, committed 30384K, reserved 1075200K
  class space    used 3606K, capacity 3737K, committed 3760K, reserved 1048576K
}
Event: 7,511 GC heap before
{Heap before GC invocations=9 (full 1):
 PSYoungGen      total 385536K, used 222354K [0x000000076e000000, 0x000000078e300000, 0x00000007c0000000)
  eden space 333824K, 63% used [0x000000076e000000,0x000000077aec9b00,0x0000000782600000)
  from space 51712K, 20% used [0x0000000782600000,0x000000078305aed8,0x0000000785880000)
  to   space 51200K, 0% used [0x000000078b100000,0x000000078b100000,0x000000078e300000)
 ParOldGen       total 172544K, used 58744K [0x00000006ca000000, 0x00000006d4880000, 0x000000076e000000)
  object space 172544K, 34% used [0x00000006ca000000,0x00000006cd95e238,0x00000006d4880000)
 Metaspace       used 34612K, capacity 35350K, committed 35496K, reserved 1081344K
  class space    used 3960K, capacity 4149K, committed 4264K, reserved 1048576K
Event: 7,531 GC heap after
Heap after GC invocations=9 (full 1):
 PSYoungGen      total 457728K, used 19804K [0x000000076e000000, 0x000000078d780000, 0x00000007c0000000)
  eden space 418304K, 0% used [0x000000076e000000,0x000000076e000000,0x0000000787880000)
  from space 39424K, 50% used [0x000000078b100000,0x000000078c457038,0x000000078d780000)
  to   space 48640K, 0% used [0x0000000787880000,0x0000000787880000,0x000000078a800000)
 ParOldGen       total 172544K, used 58752K [0x00000006ca000000, 0x00000006d4880000, 0x000000076e000000)
  object space 172544K, 34% used [0x00000006ca000000,0x00000006cd960238,0x00000006d4880000)
 Metaspace       used 34612K, capacity 35350K, committed 35496K, reserved 1081344K
  class space    used 3960K, capacity 4149K, committed 4264K, reserved 1048576K
}
Event: 7,531 GC heap before
{Heap before GC invocations=10 (full 2):
 PSYoungGen      total 457728K, used 19804K [0x000000076e000000, 0x000000078d780000, 0x00000007c0000000)
  eden space 418304K, 0% used [0x000000076e000000,0x000000076e000000,0x0000000787880000)
  from space 39424K, 50% used [0x000000078b100000,0x000000078c457038,0x000000078d780000)
  to   space 48640K, 0% used [0x0000000787880000,0x0000000787880000,0x000000078a800000)
 ParOldGen       total 172544K, used 58752K [0x00000006ca000000, 0x00000006d4880000, 0x000000076e000000)
  object space 172544K, 34% used [0x00000006ca000000,0x00000006cd960238,0x00000006d4880000)
 Metaspace       used 34612K, capacity 35350K, committed 35496K, reserved 1081344K
  class space    used 3960K, capacity 4149K, committed 4264K, reserved 1048576K
Event: 7,664 GC heap after
Heap after GC invocations=10 (full 2):
 PSYoungGen      total 457728K, used 0K [0x000000076e000000, 0x000000078d780000, 0x00000007c0000000)
  eden space 418304K, 0% used [0x000000076e000000,0x000000076e000000,0x0000000787880000)
  from space 39424K, 0% used [0x000000078b100000,0x000000078b100000,0x000000078d780000)
  to   space 48640K, 0% used [0x0000000787880000,0x0000000787880000,0x000000078a800000)
 ParOldGen       total 252928K, used 39840K [0x00000006ca000000, 0x00000006d9700000, 0x000000076e000000)
  object space 252928K, 15% used [0x00000006ca000000,0x00000006cc6e8210,0x00000006d9700000)
 Metaspace       used 34612K, capacity 35350K, committed 35496K, reserved 1081344K
  class space    used 3960K, capacity 4149K, committed 4264K, reserved 1048576K
}

